13:06:05.275 RUS56E: C4 A1 FD AC 11 4D D0 A5 31 98 A4 30 4C 00 00 00 
13:06:05.275 RUS56E: 00 00 00 00 00 00 00 01 01 00 02 01 FF 03 01 63 
13:06:05.275 RUS56E: 00 2A 01 28 FF 98 DB 7F 00 00 08 00 00 00 DB 7F 
13:06:05.276 RUS56E: 00 00 00 7A FF 98 DB 7F 00 00 99 B4 44 D1 B9 55 
13:06:05.276 RUS56E: 00 00 48 7A FF 98 DB 7F 00 00 D0 B3 34 FC F4 CD 
13:06:05.276 RUS56E: MSG_ECM 144 bytes
13:06:05.276 RUS56E: 81 00 8D 04 04 00 3B 00 00 90 00 3B 02 00 59 34 
13:06:05.276 RUS56E: FF 8C A3 E8 8C 17 21 46 1A 81 90 4A 77 51 00 00 
13:06:05.276 RUS56E: 00 00 00 00 00 00 00 00 00 00 00 00 00 00 65 08 
13:06:05.276 RUS56E: 21 01 EC 34 40 F3 EF 18 EC 5C 9C 2E 68 90 89 15 
13:06:05.276 RUS56E: C4 A1 FD AC 11 4D D0 A5 31 98 A4 30 4C 00 00 00 
13:06:05.276 RUS56E: 00 00 00 00 00 00 00 01 01 00 02 01 FF 03 01 63 
13:06:05.276 RUS56E: 00 2A 01 28 FF 98 DB 7F 00 00 08 00 00 00 DB 7F 
13:06:05.277 RUS56E: 00 00 00 7A FF 98 DB 7F 00 00 99 B4 44 D1 B9 55 
13:06:05.277 RUS56E: 00 00 48 7A FF 98 DB 7F 00 00 D0 B3 34 FC F4 CD 
13:06:05.305 cache: ecm_cache.pool.allocated: 128
13:06:05.305 RUS56E: MSG_ECM_RESP 16 bytes
13:06:05.306 RUS56E: 81 10 10 21 46 1A 81 90 4A 77 51 59 34 FF 8C A3 
13:06:05.306 RUS56E: E8 8C 17 
13:06:20.286 RUS56E: read_network_message_ex() 144
13:06:20.286 RUS56E: newcamd_client_msg received 144 bytes (0000:000000/0AFC) [192.168.1.94]
13:06:20.286 RUS56E: 80 00 8D 04 04 00 56 00 00 90 00 56 02 00 BB 9D 
13:06:20.286 RUS56E: DB 33 C7 BF 72 F8 21 46 1A 81 90 4A 77 51 00 00 
13:06:20.286 RUS56E: 00 00 00 00 00 00 00 00 00 00 00 00 00 00 65 08 
13:06:20.286 RUS56E: 21 10 90 B5 B6 F0 95 2C ED 15 50 12 0A F8 A4 5B 
13:06:20.286 RUS56E: 1E 52 E3 7C 89 59 BC 9D A7 86 74 A8 49 00 00 00 
13:06:20.286 RUS56E: 00 00 00 00 00 00 00 01 01 00 02 01 FF 03 01 63 
13:06:20.287 RUS56E: 00 2A 01 28 FF 98 DB 7F 00 00 08 00 00 00 DB 7F 
13:06:20.287 RUS56E: 00 00 00 7A FF 98 DB 7F 00 00 99 B4 44 D1 B9 55 
13:06:20.287 RUS56E: 00 00 48 7A FF 98 DB 7F 00 00 D0 B3 FC FA B7 CD 
13:06:20.287 RUS56E: MSG_ECM 144 bytes
13:06:20.287 RUS56E: 80 00 8D 04 04 00 56 00 00 90 00 56 02 00 BB 9D 
13:06:20.287 RUS56E: DB 33 C7 BF 72 F8 21 46 1A 81 90 4A 77 51 00 00 
13:06:20.287 RUS56E: 00 00 00 00 00 00 00 00 00 00 00 00 00 00 65 08 
13:06:20.287 RUS56E: 21 10 90 B5 B6 F0 95 2C ED 15 50 12 0A F8 A4 5B 
13:06:20.287 RUS56E: 1E 52 E3 7C 89 59 BC 9D A7 86 74 A8 49 00 00 00 
13:06:20.287 RUS56E: 00 00 00 00 00 00 00 01 01 00 02 01 FF 03 01 63 
13:06:20.288 RUS56E: 00 2A 01 28 FF 98 DB 7F 00 00 08 00 00 00 DB 7F 
13:06:20.288 RUS56E: 00 00 00 7A FF 98 DB 7F 00 00 99 B4 44 D1 B9 55 
13:06:20.288 RUS56E: 00 00 48 7A FF 98 DB 7F 00 00 D0 B3 FC FA B7 CD 
13:06:20.316 cache: ecm_cache.pool.allocated: 128
13:06:20.317 RUS56E: MSG_ECM_RESP 16 bytes
13:06:20.317 RUS56E: 80 10 10 21 46 1A 81 90 4A 77 51 BB 9D DB 33 C7 
13:06:20.317 RUS56E: BF 72 F8 
13:06:35.259 RUS56E: read_network_message_ex() 144
13:06:35.259 RUS56E: newcamd_client_msg received 144 bytes (0000:000000/0AFC) [192.168.1.94]
13:06:35.259 RUS56E: 81 00 8D 04 04 00 3B 00 00 90 00 3B 02 00 BB 9D 
13:06:35.259 RUS56E: DB 33 C7 BF 72 F8 9D 60 4B 48 DA 3C 23 39 00 00 
13:06:35.260 RUS56E: 00 00 00 00 00 00 00 00 00 00 00 00 00 00 65 08 
13:06:35.260 RUS56E: 21 1F 4D 57 85 8E ED 40 B6 E1 87 16 3B BB 29 DA 
13:06:35.260 RUS56E: AF FD DF A9 61 54 20 29 92 BA A1 40 4B 00 00 00 
13:06:35.260 RUS56E: 00 00 00 00 00 00 00 01 01 00 02 01 FF 03 01 63 
13:06:35.260 RUS56E: 00 2A 01 28 FF 98 DB 7F 00 00 08 00 00 00 DB 7F 
13:06:35.260 RUS56E: 00 00 00 7A FF 98 DB 7F 00 00 99 B4 44 D1 B9 55 
13:06:35.260 RUS56E: 00 00 48 7A FF 98 DB 7F 00 00 D0 B3 90 06 4C D6 
13:06:35.260 RUS56E: MSG_ECM 144 bytes
13:06:35.260 RUS56E: 81 00 8D 04 04 00 3B 00 00 90 00 3B 02 00 BB 9D 
13:06:35.261 RUS56E: DB 33 C7 BF 72 F8 9D 60 4B 48 DA 3C 23 39 00 00 
13:06:35.261 RUS56E: 00 00 00 00 00 00 00 00 00 00 00 00 00 00 65 08 
13:06:35.261 RUS56E: 21 1F 4D 57 85 8E ED 40 B6 E1 87 16 3B BB 29 DA 
13:06:35.261 RUS56E: AF FD DF A9 61 54 20 29 92 BA A1 40 4B 00 00 00 
13:06:35.261 RUS56E: 00 00 00 00 00 00 00 01 01 00 02 01 FF 03 01 63 
13:06:35.261 RUS56E: 00 2A 01 28 FF 98 DB 7F 00 00 08 00 00 00 DB 7F 
13:06:35.261 RUS56E: 00 00 00 7A FF 98 DB 7F 00 00 99 B4 44 D1 B9 55 
13:06:35.261 RUS56E: 00 00 48 7A FF 98 DB 7F 00 00 D0 B3 90 06 4C D6 
13:06:35.291 cache: ecm_cache.pool.allocated: 128
13:06:35.291 RUS56E: MSG_ECM_RESP 16 bytes
13:06:35.291 RUS56E: 81 10 10 9D 60 4B 48 DA 3C 23 39 BB 9D DB 33 C7 
13:06:35.291 RUS56E: BF 72 F8 
